Using pre-set license
Built from '2020.3/staging' branch; Version is '2020.3.30f1 (1fb1bf06830e) revision 2077119'; Using compiler version '192528614'; Build Type 'Release'
OS: 'Windows 10  (10.0.19044) 64bit Core' Language: 'tr' Physical Memory: 16268 MB
BatchMode: 1, IsHumanControllingUs: 0, StartBugReporterOnCrash: 0, Is64bit: 1, IsPro: 0

COMMAND LINE ARGUMENTS:
C:\Program Files\Unity\Hub\Editor\2020.3.30f1\Editor\Unity.exe
-adb2
-batchMode
-noUpm
-name
AssetImportWorker0
-projectPath
C:/Users/Suay/FlappyKnife
-logFile
Logs/AssetImportWorker0.log
-srvPort
61031
Successfully changed project path to: C:/Users/Suay/FlappyKnife
C:/Users/Suay/FlappyKnife
Using Asset Import Pipeline V2.
Refreshing native plugins compatible for Editor in 45.19 ms, found 2 plugins.
Preloading 0 native plugins for Editor in 0.00 ms.
Initialize engine version: 2020.3.30f1 (1fb1bf06830e)
[Subsystems] Discovering subsystems at path C:/Program Files/Unity/Hub/Editor/2020.3.30f1/Editor/Data/Resources/UnitySubsystems
[Subsystems] Discovering subsystems at path C:/Users/Suay/FlappyKnife/Assets
GfxDevice: creating device client; threaded=0
Direct3D:
    Version:  Direct3D 11.0 [level 11.1]
    Renderer: NVIDIA GeForce GTX 1050 (ID=0x1c8d)
    Vendor:   
    VRAM:     4021 MB
    Driver:   30.0.15.1259
Initialize mono
Mono path[0] = 'C:/Program Files/Unity/Hub/Editor/2020.3.30f1/Editor/Data/Managed'
Mono path[1] = 'C:/Program Files/Unity/Hub/Editor/2020.3.30f1/Editor/Data/MonoBleedingEdge/lib/mono/unityjit'
Mono config path = 'C:/Program Files/Unity/Hub/Editor/2020.3.30f1/Editor/Data/MonoBleedingEdge/etc'
Using monoOptions --debugger-agent=transport=dt_socket,embedding=1,server=y,suspend=n,address=127.0.0.1:56620
Begin MonoManager ReloadAssembly
Registering precompiled unity dll's ...
Register platform support module: C:/Program Files/Unity/Hub/Editor/2020.3.30f1/Editor/Data/PlaybackEngines/WebGLSupport/UnityEditor.WebGL.Extensions.dll
Register platform support module: C:/Program Files/Unity/Hub/Editor/2020.3.30f1/Editor/Data/PlaybackEngines/WindowsStandaloneSupport/UnityEditor.WindowsStandalone.Extensions.dll
Registered in 0.004739 seconds.
Native extension for WindowsStandalone target not found
Native extension for WebGL target not found
Refreshing native plugins compatible for Editor in 40.33 ms, found 2 plugins.
Preloading 0 native plugins for Editor in 0.00 ms.
Mono: successfully reloaded assembly
- Completed reload, in  0.774 seconds
Domain Reload Profiling:
	ReloadAssembly (774ms)
		BeginReloadAssembly (83ms)
			ExecutionOrderSort (0ms)
			DisableScriptedObjects (0ms)
			BackupInstance (0ms)
			ReleaseScriptingObjects (0ms)
			CreateAndSetChildDomain (1ms)
		EndReloadAssembly (582ms)
			LoadAssemblies (81ms)
			RebuildTransferFunctionScriptingTraits (0ms)
			SetupTypeCache (196ms)
			ReleaseScriptCaches (0ms)
			RebuildScriptCaches (39ms)
			SetupLoadedEditorAssemblies (214ms)
				LogAssemblyErrors (0ms)
				InitializePlatformSupportModulesInManaged (6ms)
				SetLoadedEditorAssemblies (0ms)
				RefreshPlugins (40ms)
				BeforeProcessingInitializeOnLoad (24ms)
				ProcessInitializeOnLoadAttributes (106ms)
				ProcessInitializeOnLoadMethodAttributes (36ms)
				AfterProcessingInitializeOnLoad (0ms)
				EditorAssembliesLoaded (0ms)
			ExecutionOrderSort2 (0ms)
			AwakeInstancesAfterBackupRestoration (0ms)
Platform modules already initialized, skipping
Registering precompiled user dll's ...
Registered in 0.003872 seconds.
Begin MonoManager ReloadAssembly
Native extension for WindowsStandalone target not found
Native extension for WebGL target not found
Refreshing native plugins compatible for Editor in 2.38 ms, found 2 plugins.
Preloading 0 native plugins for Editor in 0.00 ms.
Mono: successfully reloaded assembly
- Completed reload, in  1.712 seconds
Domain Reload Profiling:
	ReloadAssembly (1713ms)
		BeginReloadAssembly (196ms)
			ExecutionOrderSort (0ms)
			DisableScriptedObjects (7ms)
			BackupInstance (0ms)
			ReleaseScriptingObjects (0ms)
			CreateAndSetChildDomain (25ms)
		EndReloadAssembly (1400ms)
			LoadAssemblies (134ms)
			RebuildTransferFunctionScriptingTraits (0ms)
			SetupTypeCache (471ms)
			ReleaseScriptCaches (0ms)
			RebuildScriptCaches (79ms)
			SetupLoadedEditorAssemblies (522ms)
				LogAssemblyErrors (0ms)
				InitializePlatformSupportModulesInManaged (9ms)
				SetLoadedEditorAssemblies (1ms)
				RefreshPlugins (3ms)
				BeforeProcessingInitializeOnLoad (124ms)
				ProcessInitializeOnLoadAttributes (361ms)
				ProcessInitializeOnLoadMethodAttributes (11ms)
				AfterProcessingInitializeOnLoad (12ms)
				EditorAssembliesLoaded (0ms)
			ExecutionOrderSort2 (0ms)
			AwakeInstancesAfterBackupRestoration (12ms)
Platform modules already initialized, skipping
========================================================================
Worker process is ready to serve import requests
Launched and connected shader compiler UnityShaderCompiler.exe after 0.13 seconds
Refreshing native plugins compatible for Editor in 0.36 ms, found 2 plugins.
Preloading 0 native plugins for Editor in 0.00 ms.
Unloading 1506 Unused Serialized files (Serialized files now loaded: 0)
System memory in use before: 69.7 MB.
System memory in use after: 69.7 MB.

Unloading 16 unused Assets to reduce memory usage. Loaded Objects now: 1943.
Total: 3.639300 ms (FindLiveObjects: 0.158400 ms CreateObjectMapping: 0.049700 ms MarkObjects: 3.299300 ms  DeleteObjects: 0.130600 ms)

AssetImportParameters requested are different than current active one (requested -> active):
  custom:framework-win-MediaFoundation: 216162199b28c13a410421893ffa2e32 -> 
  custom:video-decoder-ogg-theora: a1e56fd34408186e4bbccfd4996cb3dc -> 
  custom:container-muxer-webm: aa71ff27fc2769a1b78a27578f13a17b -> 
  custom:container-demuxer-webm: 4f35f7cbe854078d1ac9338744f61a02 -> 
  custom:container-demuxer-ogg: 62fdf1f143b41e24485cea50d1cbac27 -> 
  custom:video-encoder-webm-vp8: eb34c28f22e8b96e1ab97ce403110664 -> 
  custom:video-decoder-webm-vp8: 9c59270c3fd7afecdb556c50c9e8de78 -> 
  custom:audio-decoder-ogg-vorbis: bf7c407c2cedff20999df2af8eb42d56 -> 
  custom:audio-encoder-webm-vorbis: bf7c407c2cedff20999df2af8eb42d56 -> 
========================================================================
Received Import Request.
  path: Assets/HD_InteriorLightingVol.2/Interior_Setup.giparams
  artifactKey: Guid(8a1dcfedd92e09f419b4408993378766) Importer(815301076,1909f56bfc062723c751e8b465ee728b)
Start importing Assets/HD_InteriorLightingVol.2/Interior_Setup.giparams using Guid(8a1dcfedd92e09f419b4408993378766) Importer(815301076,1909f56bfc062723c751e8b465ee728b)  -> (artifact id: 'e24bfcaa569e48ff3778d3dfca522672') in 0.066347 seconds 
========================================================================
Received Import Request.
  Time since last request: 0.000478 seconds.
  path: Assets/HD_InteriorLightingVol.2/Textures
  artifactKey: Guid(7b50fa8a4c8fb1643849ba2d27b8abea) Importer(815301076,1909f56bfc062723c751e8b465ee728b)
Start importing Assets/HD_InteriorLightingVol.2/Textures using Guid(7b50fa8a4c8fb1643849ba2d27b8abea) Importer(815301076,1909f56bfc062723c751e8b465ee728b)  -> (artifact id: 'c181ecf81c2645629942f64073b9a509') in 0.016606 seconds 
========================================================================
Received Import Request.
  Time since last request: 0.000335 seconds.
  path: Assets/HD_InteriorLightingVol.2
  artifactKey: Guid(b751c613eb2ccd64d8bfec4fb35cd5c8) Importer(815301076,1909f56bfc062723c751e8b465ee728b)
Start importing Assets/HD_InteriorLightingVol.2 using Guid(b751c613eb2ccd64d8bfec4fb35cd5c8) Importer(815301076,1909f56bfc062723c751e8b465ee728b)  -> (artifact id: '123505936596e2ea5e11da52b88a6167') in 0.017949 seconds 
========================================================================
Received Import Request.
  Time since last request: 20.634436 seconds.
  path: Assets/HD_InteriorLightingVol.2/Textures/UI
  artifactKey: Guid(1e7fa50c556c1b5479f2b9d01055be48) Importer(815301076,1909f56bfc062723c751e8b465ee728b)
Start importing Assets/HD_InteriorLightingVol.2/Textures/UI using Guid(1e7fa50c556c1b5479f2b9d01055be48) Importer(815301076,1909f56bfc062723c751e8b465ee728b)  -> (artifact id: '171d0eee4ad304dc08d478c51e5d9514') in 0.011136 seconds 
========================================================================
Received Import Request.
  Time since last request: 0.724331 seconds.
  path: Assets/HD_InteriorLightingVol.2/Textures/UI/Ads
  artifactKey: Guid(477e9d6e514f48042ba797003508ae85) Importer(815301076,1909f56bfc062723c751e8b465ee728b)
Start importing Assets/HD_InteriorLightingVol.2/Textures/UI/Ads using Guid(477e9d6e514f48042ba797003508ae85) Importer(815301076,1909f56bfc062723c751e8b465ee728b)  -> (artifact id: '0fa5f843f338199801f1786e8f908588') in 0.009888 seconds 
========================================================================
Received Import Request.
  Time since last request: 0.058643 seconds.
  path: Assets/HD_InteriorLightingVol.2/Textures/UI/Ads/ad1.psd
  artifactKey: Guid(33fee76768048ad4abed19d386311b8e) Importer(815301076,1909f56bfc062723c751e8b465ee728b)
Start importing Assets/HD_InteriorLightingVol.2/Textures/UI/Ads/ad1.psd using Guid(33fee76768048ad4abed19d386311b8e) Importer(815301076,1909f56bfc062723c751e8b465ee728b)  -> (artifact id: '11321bfe6d2eb450f0d04255c348ae2a') in 0.095255 seconds 
========================================================================
Received Import Request.
  Time since last request: 0.000322 seconds.
  path: Assets/HD_InteriorLightingVol.2/Textures/UI/Ads/ad7.psd
  artifactKey: Guid(f9d75a268329f1d4483f69f0cef96b43) Importer(815301076,1909f56bfc062723c751e8b465ee728b)
Start importing Assets/HD_InteriorLightingVol.2/Textures/UI/Ads/ad7.psd using Guid(f9d75a268329f1d4483f69f0cef96b43) Importer(815301076,1909f56bfc062723c751e8b465ee728b)  -> (artifact id: '349c8807578b1756546a4ff4640629e8') in 0.023356 seconds 
========================================================================
Received Import Request.
  Time since last request: 0.000301 seconds.
  path: Assets/HD_InteriorLightingVol.2/Textures/UI/Ads/ad4.psd
  artifactKey: Guid(43b3bc785f6afa24387218d0a24ed944) Importer(815301076,1909f56bfc062723c751e8b465ee728b)
Start importing Assets/HD_InteriorLightingVol.2/Textures/UI/Ads/ad4.psd using Guid(43b3bc785f6afa24387218d0a24ed944) Importer(815301076,1909f56bfc062723c751e8b465ee728b)  -> (artifact id: '8e580efe3c6b770d18bb41df5727b4f7') in 0.022827 seconds 
========================================================================
Received Import Request.
  Time since last request: 0.000353 seconds.
  path: Assets/HD_InteriorLightingVol.2/Textures/UI/Ads/border.psd
  artifactKey: Guid(f3a9990fba74ebb4587cfead326824f1) Importer(815301076,1909f56bfc062723c751e8b465ee728b)
Start importing Assets/HD_InteriorLightingVol.2/Textures/UI/Ads/border.psd using Guid(f3a9990fba74ebb4587cfead326824f1) Importer(815301076,1909f56bfc062723c751e8b465ee728b)  -> (artifact id: 'c745f69999d8495efe4cd0114d1bb1bf') in 0.024647 seconds 
========================================================================
Received Import Request.
  Time since last request: 0.000364 seconds.
  path: Assets/HD_InteriorLightingVol.2/Textures/UI/Ads/ad5.psd
  artifactKey: Guid(1dbae491ea3276f4c8f581e3365e250c) Importer(815301076,1909f56bfc062723c751e8b465ee728b)
Start importing Assets/HD_InteriorLightingVol.2/Textures/UI/Ads/ad5.psd using Guid(1dbae491ea3276f4c8f581e3365e250c) Importer(815301076,1909f56bfc062723c751e8b465ee728b)  -> (artifact id: 'e242e4a1a649dcf12b24ccebcdd66c18') in 0.022352 seconds 
========================================================================
Received Import Request.
  Time since last request: 0.000496 seconds.
  path: Assets/HD_InteriorLightingVol.2/Textures/UI/Ads/ad6.psd
  artifactKey: Guid(631be694756502a47af7eb89411d0724) Importer(815301076,1909f56bfc062723c751e8b465ee728b)
Start importing Assets/HD_InteriorLightingVol.2/Textures/UI/Ads/ad6.psd using Guid(631be694756502a47af7eb89411d0724) Importer(815301076,1909f56bfc062723c751e8b465ee728b)  -> (artifact id: '8332aa0a5dd3b8f043fd1e345fc76ee8') in 0.023851 seconds 
========================================================================
Received Import Request.
  Time since last request: 0.000393 seconds.
  path: Assets/HD_InteriorLightingVol.2/Textures/UI/Ads/ad3.psd
  artifactKey: Guid(bdd85042d7ae51e4f82013d49db75edd) Importer(815301076,1909f56bfc062723c751e8b465ee728b)
Start importing Assets/HD_InteriorLightingVol.2/Textures/UI/Ads/ad3.psd using Guid(bdd85042d7ae51e4f82013d49db75edd) Importer(815301076,1909f56bfc062723c751e8b465ee728b)  -> (artifact id: '75882da02a1b2053406aac7c95d43bc2') in 0.020931 seconds 
========================================================================
Received Import Request.
  Time since last request: 0.000318 seconds.
  path: Assets/HD_InteriorLightingVol.2/Textures/UI/Ads/ad9.psd
  artifactKey: Guid(e24f9b8df0b283149baf0cd423126558) Importer(815301076,1909f56bfc062723c751e8b465ee728b)
Start importing Assets/HD_InteriorLightingVol.2/Textures/UI/Ads/ad9.psd using Guid(e24f9b8df0b283149baf0cd423126558) Importer(815301076,1909f56bfc062723c751e8b465ee728b)  -> (artifact id: '3422bb5d1df36a55ad65cde57a25a5ab') in 0.025286 seconds 
========================================================================
Received Import Request.
  Time since last request: 0.000237 seconds.
  path: Assets/HD_InteriorLightingVol.2/Textures/UI/Ads/ad10.psd
  artifactKey: Guid(61183f3a14146d444a38b018a5cfc853) Importer(815301076,1909f56bfc062723c751e8b465ee728b)
Start importing Assets/HD_InteriorLightingVol.2/Textures/UI/Ads/ad10.psd using Guid(61183f3a14146d444a38b018a5cfc853) Importer(815301076,1909f56bfc062723c751e8b465ee728b)  -> (artifact id: 'aaacdd15cf55d75db83bdee7fd11d30b') in 0.021188 seconds 
========================================================================
Received Import Request.
  Time since last request: 0.000315 seconds.
  path: Assets/HD_InteriorLightingVol.2/Textures/UI/Ads/ad11.psd
  artifactKey: Guid(a8a681224c0ee1e42be4eb3f1d42f1c1) Importer(815301076,1909f56bfc062723c751e8b465ee728b)
Start importing Assets/HD_InteriorLightingVol.2/Textures/UI/Ads/ad11.psd using Guid(a8a681224c0ee1e42be4eb3f1d42f1c1) Importer(815301076,1909f56bfc062723c751e8b465ee728b)  -> (artifact id: 'b3e789c255c550d8c83206ef65fb357b') in 0.020833 seconds 
========================================================================
Received Import Request.
  Time since last request: 0.000248 seconds.
  path: Assets/HD_InteriorLightingVol.2/Textures/UI/Ads/ad2.psd
  artifactKey: Guid(f34ecf744dd31e14c9ab85a12bdf94d8) Importer(815301076,1909f56bfc062723c751e8b465ee728b)
Start importing Assets/HD_InteriorLightingVol.2/Textures/UI/Ads/ad2.psd using Guid(f34ecf744dd31e14c9ab85a12bdf94d8) Importer(815301076,1909f56bfc062723c751e8b465ee728b)  -> (artifact id: '5ffe8663fafb49096a2ae66f2c63d3a9') in 0.020215 seconds 
========================================================================
Received Import Request.
  Time since last request: 0.000272 seconds.
  path: Assets/HD_InteriorLightingVol.2/Textures/UI/Ads/ad8.psd
  artifactKey: Guid(aa87d0c39ba2fce4a81eef083116718e) Importer(815301076,1909f56bfc062723c751e8b465ee728b)
Start importing Assets/HD_InteriorLightingVol.2/Textures/UI/Ads/ad8.psd using Guid(aa87d0c39ba2fce4a81eef083116718e) Importer(815301076,1909f56bfc062723c751e8b465ee728b)  -> (artifact id: '5dcedba4c1659fef47208eb50e9ec8ac') in 0.021487 seconds 
========================================================================
Received Import Request.
  Time since last request: 10.282769 seconds.
  path: Assets/HD_InteriorLightingVol.2/Textures/Floor
  artifactKey: Guid(9eb410e380c578e4480fdb3681b7f713) Importer(815301076,1909f56bfc062723c751e8b465ee728b)
Start importing Assets/HD_InteriorLightingVol.2/Textures/Floor using Guid(9eb410e380c578e4480fdb3681b7f713) Importer(815301076,1909f56bfc062723c751e8b465ee728b)  -> (artifact id: '7d2d150b5b5a69f6d5870ef03cee385a') in 0.009704 seconds 
========================================================================
Received Import Request.
  Time since last request: 0.040169 seconds.
  path: Assets/HD_InteriorLightingVol.2/Textures/Floor/0023-marquina-black-marble-tile-texture-seamless-hr.psd
  artifactKey: Guid(ae8221517db84b745914718c868e5c4a) Importer(815301076,1909f56bfc062723c751e8b465ee728b)
Start importing Assets/HD_InteriorLightingVol.2/Textures/Floor/0023-marquina-black-marble-tile-texture-seamless-hr.psd using Guid(ae8221517db84b745914718c868e5c4a) Importer(815301076,1909f56bfc062723c751e8b465ee728b)  -> (artifact id: 'cfa1ceb86493d67b75bda36b17ce478f') in 0.019325 seconds 
========================================================================
Received Import Request.
  Time since last request: 0.000313 seconds.
  path: Assets/HD_InteriorLightingVol.2/Textures/Floor/Floor_4.tiff
  artifactKey: Guid(9c8dee70431f1c5499a6ef1cd032cac6) Importer(815301076,1909f56bfc062723c751e8b465ee728b)
Start importing Assets/HD_InteriorLightingVol.2/Textures/Floor/Floor_4.tiff using Guid(9c8dee70431f1c5499a6ef1cd032cac6) Importer(815301076,1909f56bfc062723c751e8b465ee728b)  -> (artifact id: '01f4e0830074e52b3f8ec33726e91766') in 0.027941 seconds 
========================================================================
Received Import Request.
  Time since last request: 0.000278 seconds.
  path: Assets/HD_InteriorLightingVol.2/Textures/Floor/Floor_1.tiff
  artifactKey: Guid(44747f6465b2723459a97d7b46820abd) Importer(815301076,1909f56bfc062723c751e8b465ee728b)
Start importing Assets/HD_InteriorLightingVol.2/Textures/Floor/Floor_1.tiff using Guid(44747f6465b2723459a97d7b46820abd) Importer(815301076,1909f56bfc062723c751e8b465ee728b)  -> (artifact id: 'eda83e40b7f96c39d45600c9b670927e') in 0.028111 seconds 
========================================================================
Received Import Request.
  Time since last request: 0.000263 seconds.
  path: Assets/HD_InteriorLightingVol.2/Textures/Floor/ch.psd
  artifactKey: Guid(18b0cc905061d3a4f894bc90e49b32b1) Importer(815301076,1909f56bfc062723c751e8b465ee728b)
Start importing Assets/HD_InteriorLightingVol.2/Textures/Floor/ch.psd using Guid(18b0cc905061d3a4f894bc90e49b32b1) Importer(815301076,1909f56bfc062723c751e8b465ee728b)  -> (artifact id: '7c2181d3a36495e100aa31cf1d2a8588') in 0.018395 seconds 
========================================================================
Received Import Request.
  Time since last request: 0.000429 seconds.
  path: Assets/HD_InteriorLightingVol.2/Textures/Floor/Floor_9.png
  artifactKey: Guid(79a730dcf9934f340bb75737fce047d4) Importer(815301076,1909f56bfc062723c751e8b465ee728b)
Start importing Assets/HD_InteriorLightingVol.2/Textures/Floor/Floor_9.png using Guid(79a730dcf9934f340bb75737fce047d4) Importer(815301076,1909f56bfc062723c751e8b465ee728b)  -> (artifact id: '364b02d3917feda57dea9a6d196b100a') in 0.064911 seconds 
========================================================================
Received Import Request.
  Time since last request: 0.000279 seconds.
  path: Assets/HD_InteriorLightingVol.2/Textures/Floor/Floor_11.tiff
  artifactKey: Guid(f7e3c8f1b4d0f474f866c099ecbebe3e) Importer(815301076,1909f56bfc062723c751e8b465ee728b)
Start importing Assets/HD_InteriorLightingVol.2/Textures/Floor/Floor_11.tiff using Guid(f7e3c8f1b4d0f474f866c099ecbebe3e) Importer(815301076,1909f56bfc062723c751e8b465ee728b)  -> (artifact id: 'db645990ceb98bbcd5fc918a5ebcdf6c') in 0.016376 seconds 
========================================================================
Received Import Request.
  Time since last request: 0.000239 seconds.
  path: Assets/HD_InteriorLightingVol.2/Textures/Floor/Floor_6.tiff
  artifactKey: Guid(16c2a593eaa6b1c4982e45bbef046d00) Importer(815301076,1909f56bfc062723c751e8b465ee728b)
Start importing Assets/HD_InteriorLightingVol.2/Textures/Floor/Floor_6.tiff using Guid(16c2a593eaa6b1c4982e45bbef046d00) Importer(815301076,1909f56bfc062723c751e8b465ee728b)  -> (artifact id: '549c3c7ee0f5566b90bf45db51d08402') in 0.019020 seconds 
========================================================================
Received Import Request.
  Time since last request: 0.000383 seconds.
  path: Assets/HD_InteriorLightingVol.2/Textures/Floor/Floor_5.tiff
  artifactKey: Guid(262959e5833f72d42a426c0dffa323bf) Importer(815301076,1909f56bfc062723c751e8b465ee728b)
Start importing Assets/HD_InteriorLightingVol.2/Textures/Floor/Floor_5.tiff using Guid(262959e5833f72d42a426c0dffa323bf) Importer(815301076,1909f56bfc062723c751e8b465ee728b)  -> (artifact id: 'c6089acd618b6197ae2cbc0e03df72c6') in 0.017660 seconds 
========================================================================
Received Import Request.
  Time since last request: 0.000317 seconds.
  path: Assets/HD_InteriorLightingVol.2/Textures/Floor/Floor_13.tiff
  artifactKey: Guid(128ea355076e2d949af4c6fcb5ced91d) Importer(815301076,1909f56bfc062723c751e8b465ee728b)
Start importing Assets/HD_InteriorLightingVol.2/Textures/Floor/Floor_13.tiff using Guid(128ea355076e2d949af4c6fcb5ced91d) Importer(815301076,1909f56bfc062723c751e8b465ee728b)  -> (artifact id: 'f9f6f8f9c2975b09bd5b0fea34028ff6') in 0.019852 seconds 
========================================================================
Received Import Request.
  Time since last request: 0.000293 seconds.
  path: Assets/HD_InteriorLightingVol.2/Textures/Floor/Floor_2.tif
  artifactKey: Guid(0ab68c438ecb9614384486467abd4d7b) Importer(815301076,1909f56bfc062723c751e8b465ee728b)
Start importing Assets/HD_InteriorLightingVol.2/Textures/Floor/Floor_2.tif using Guid(0ab68c438ecb9614384486467abd4d7b) Importer(815301076,1909f56bfc062723c751e8b465ee728b)  -> (artifact id: '37d176dc8aa7ec940c0411fb313a735e') in 0.019566 seconds 
========================================================================
Received Import Request.
  Time since last request: 0.000227 seconds.
  path: Assets/HD_InteriorLightingVol.2/Textures/Floor/Floor_2.tiff
  artifactKey: Guid(e0e774dfa46f49745b831957a4dcbfd6) Importer(815301076,1909f56bfc062723c751e8b465ee728b)
Start importing Assets/HD_InteriorLightingVol.2/Textures/Floor/Floor_2.tiff using Guid(e0e774dfa46f49745b831957a4dcbfd6) Importer(815301076,1909f56bfc062723c751e8b465ee728b)  -> (artifact id: 'd7f6d7c5a4cf522cfa9852ab55b69686') in 0.017395 seconds 
========================================================================
Received Import Request.
  Time since last request: 0.000581 seconds.
  path: Assets/HD_InteriorLightingVol.2/Textures/Floor/Floor_3.tiff
  artifactKey: Guid(0571915cafd950c40898ef01180b2e34) Importer(815301076,1909f56bfc062723c751e8b465ee728b)
Start importing Assets/HD_InteriorLightingVol.2/Textures/Floor/Floor_3.tiff using Guid(0571915cafd950c40898ef01180b2e34) Importer(815301076,1909f56bfc062723c751e8b465ee728b)  -> (artifact id: 'f5c878cd0d0edd4d5ac1f5d3a3b2ec14') in 0.018408 seconds 
========================================================================
Received Import Request.
  Time since last request: 0.000246 seconds.
  path: Assets/HD_InteriorLightingVol.2/Textures/Floor/Floor_14.tiff
  artifactKey: Guid(87522eda1c835f0469c76fe8d793be07) Importer(815301076,1909f56bfc062723c751e8b465ee728b)
Start importing Assets/HD_InteriorLightingVol.2/Textures/Floor/Floor_14.tiff using Guid(87522eda1c835f0469c76fe8d793be07) Importer(815301076,1909f56bfc062723c751e8b465ee728b)  -> (artifact id: '037fdc1568742815578d61cfbdebf433') in 0.017222 seconds 
========================================================================
Received Import Request.
  Time since last request: 0.000214 seconds.
  path: Assets/HD_InteriorLightingVol.2/Textures/Floor/dark-stone-tile-texture-design-awesome-1.psd
  artifactKey: Guid(3cbd11125253c8446a1310b84df992fe) Importer(815301076,1909f56bfc062723c751e8b465ee728b)
Start importing Assets/HD_InteriorLightingVol.2/Textures/Floor/dark-stone-tile-texture-design-awesome-1.psd using Guid(3cbd11125253c8446a1310b84df992fe) Importer(815301076,1909f56bfc062723c751e8b465ee728b)  -> (artifact id: '79f5bf1e61d475d0ac975dacfef4c972') in 0.033126 seconds 
========================================================================
Received Import Request.
  Time since last request: 0.000179 seconds.
  path: Assets/HD_InteriorLightingVol.2/Textures/Floor/Floor_7.psd
  artifactKey: Guid(79235d7cba2a813488cb82414953d85f) Importer(815301076,1909f56bfc062723c751e8b465ee728b)
Start importing Assets/HD_InteriorLightingVol.2/Textures/Floor/Floor_7.psd using Guid(79235d7cba2a813488cb82414953d85f) Importer(815301076,1909f56bfc062723c751e8b465ee728b)  -> (artifact id: '374b2cd0339e58351f5ad3f66f79a992') in 0.016131 seconds 
========================================================================
Received Import Request.
  Time since last request: 0.000237 seconds.
  path: Assets/HD_InteriorLightingVol.2/Textures/Floor/Floor_6.psd
  artifactKey: Guid(d8d91a0170dc6854b907af3ecbaf65b4) Importer(815301076,1909f56bfc062723c751e8b465ee728b)
Start importing Assets/HD_InteriorLightingVol.2/Textures/Floor/Floor_6.psd using Guid(d8d91a0170dc6854b907af3ecbaf65b4) Importer(815301076,1909f56bfc062723c751e8b465ee728b)  -> (artifact id: '40333944e69a78f9f01e9ecd98e48a17') in 0.015024 seconds 
========================================================================
Received Import Request.
  Time since last request: 0.000278 seconds.
  path: Assets/HD_InteriorLightingVol.2/Textures/Floor/Floor_10.png
  artifactKey: Guid(2066a28f6ad27274cabcff029bfccbbb) Importer(815301076,1909f56bfc062723c751e8b465ee728b)
Start importing Assets/HD_InteriorLightingVol.2/Textures/Floor/Floor_10.png using Guid(2066a28f6ad27274cabcff029bfccbbb) Importer(815301076,1909f56bfc062723c751e8b465ee728b)  -> (artifact id: '3eaf53167954290e1d6ff19a7bd7475b') in 0.016592 seconds 
========================================================================
Received Import Request.
  Time since last request: 0.000232 seconds.
  path: Assets/HD_InteriorLightingVol.2/Textures/Floor/Floor_12.tiff
  artifactKey: Guid(2480530f68410ef469b48d62e2df78a0) Importer(815301076,1909f56bfc062723c751e8b465ee728b)
Start importing Assets/HD_InteriorLightingVol.2/Textures/Floor/Floor_12.tiff using Guid(2480530f68410ef469b48d62e2df78a0) Importer(815301076,1909f56bfc062723c751e8b465ee728b)  -> (artifact id: 'b94bbcc0cdb55551d21fc81e6df596e3') in 0.017768 seconds 
========================================================================
Received Import Request.
  Time since last request: 0.000310 seconds.
  path: Assets/HD_InteriorLightingVol.2/Textures/Floor/Floor_8.tiff
  artifactKey: Guid(ee7e814010c716c4fb7e77fc6ee0bab3) Importer(815301076,1909f56bfc062723c751e8b465ee728b)
Start importing Assets/HD_InteriorLightingVol.2/Textures/Floor/Floor_8.tiff using Guid(ee7e814010c716c4fb7e77fc6ee0bab3) Importer(815301076,1909f56bfc062723c751e8b465ee728b)  -> (artifact id: '32b95c4c9148d0333edb0841b0ab94ad') in 0.017294 seconds 
========================================================================
Received Import Request.
  Time since last request: 2.931431 seconds.
  path: Assets/HD_InteriorLightingVol.2/Textures/Floor/Materials
  artifactKey: Guid(db4d459b418cd0440a37f44de421e422) Importer(815301076,1909f56bfc062723c751e8b465ee728b)
Start importing Assets/HD_InteriorLightingVol.2/Textures/Floor/Materials using Guid(db4d459b418cd0440a37f44de421e422) Importer(815301076,1909f56bfc062723c751e8b465ee728b)  -> (artifact id: '9b9a021027c141f81d0b436124944972') in 0.009248 seconds 
========================================================================
Received Import Request.
  Time since last request: 0.042924 seconds.
  path: Assets/HD_InteriorLightingVol.2/Textures/Floor/Materials/Floor_2.mat
  artifactKey: Guid(f5b90d0c78cd59c40abd50a80a4aa309) Importer(815301076,1909f56bfc062723c751e8b465ee728b)
Start importing Assets/HD_InteriorLightingVol.2/Textures/Floor/Materials/Floor_2.mat using Guid(f5b90d0c78cd59c40abd50a80a4aa309) Importer(815301076,1909f56bfc062723c751e8b465ee728b)  -> (artifact id: '700e4eee2844e4b6dedfcab5f414ec2e') in 0.057522 seconds 
========================================================================
Received Import Request.
  Time since last request: 0.000268 seconds.
  path: Assets/HD_InteriorLightingVol.2/Textures/Floor/Materials/Floor_2_MaskMap.png
  artifactKey: Guid(c0c7d6f1d43b79e4586e1ee2ace9f6ad) Importer(815301076,1909f56bfc062723c751e8b465ee728b)
Start importing Assets/HD_InteriorLightingVol.2/Textures/Floor/Materials/Floor_2_MaskMap.png using Guid(c0c7d6f1d43b79e4586e1ee2ace9f6ad) Importer(815301076,1909f56bfc062723c751e8b465ee728b)  -> (artifact id: 'c6af05fb90c2ec11dbe899f5b85c5bda') in 0.018639 seconds 
========================================================================
Received Import Request.
  Time since last request: 5.180814 seconds.
  path: Assets/HD_InteriorLightingVol.2/Skybox
  artifactKey: Guid(d3ba5dd92b531b04c931b757fab9d7c4) Importer(815301076,1909f56bfc062723c751e8b465ee728b)
Start importing Assets/HD_InteriorLightingVol.2/Skybox using Guid(d3ba5dd92b531b04c931b757fab9d7c4) Importer(815301076,1909f56bfc062723c751e8b465ee728b)  -> (artifact id: 'ac40835de3adbc92084f21524c6dcb94') in 0.010781 seconds 
========================================================================
Received Import Request.
  Time since last request: 0.069599 seconds.
  path: Assets/HD_InteriorLightingVol.2/Skybox/Skybox5.mat
  artifactKey: Guid(abff6def28570f140ade5747d7fe1b2f) Importer(815301076,1909f56bfc062723c751e8b465ee728b)
Start importing Assets/HD_InteriorLightingVol.2/Skybox/Skybox5.mat using Guid(abff6def28570f140ade5747d7fe1b2f) Importer(815301076,1909f56bfc062723c751e8b465ee728b)  -> (artifact id: '251d66ada92eb62a23d1f1a1242759b2') in 0.015857 seconds 
========================================================================
Received Import Request.
  Time since last request: 0.936976 seconds.
  path: Assets/HD_InteriorLightingVol.2/Skybox/Shiodome_Stairs
  artifactKey: Guid(c6f62e0b5e9b22b438abdfbf2943ea9e) Importer(815301076,1909f56bfc062723c751e8b465ee728b)
Start importing Assets/HD_InteriorLightingVol.2/Skybox/Shiodome_Stairs using Guid(c6f62e0b5e9b22b438abdfbf2943ea9e) Importer(815301076,1909f56bfc062723c751e8b465ee728b)  -> (artifact id: '028630107dedc7d131aeb123cb3784dd') in 0.010478 seconds 
========================================================================
Received Import Request.
  Time since last request: 0.072892 seconds.
  path: Assets/HD_InteriorLightingVol.2/Skybox/Shiodome_Stairs/10-Shiodome_Stairs_8k.png
  artifactKey: Guid(2aeda1079201347458577b46dec6bcd0) Importer(815301076,1909f56bfc062723c751e8b465ee728b)
Start importing Assets/HD_InteriorLightingVol.2/Skybox/Shiodome_Stairs/10-Shiodome_Stairs_8k.png using Guid(2aeda1079201347458577b46dec6bcd0) Importer(815301076,1909f56bfc062723c751e8b465ee728b)  -> (artifact id: '0d5cf402fbf8202279ce2d31ef72061b') in 0.435211 seconds 
========================================================================
Received Import Request.
  Time since last request: 55.662256 seconds.
  path: Assets/Material/New Material 1.mat
  artifactKey: Guid(13a6531ab88179345adf0acc1fccc043) Importer(815301076,1909f56bfc062723c751e8b465ee728b)
Start importing Assets/Material/New Material 1.mat using Guid(13a6531ab88179345adf0acc1fccc043) Importer(815301076,1909f56bfc062723c751e8b465ee728b)  -> (artifact id: 'eef844517278c0d9f6d239203fba2219') in 0.262242 seconds 
========================================================================
Received Import Request.
  Time since last request: 0.000362 seconds.
  path: Assets/Material/New Material 3.mat
  artifactKey: Guid(c7fe8b860bf586d4cab8e3f243ebd23c) Importer(815301076,1909f56bfc062723c751e8b465ee728b)
Start importing Assets/Material/New Material 3.mat using Guid(c7fe8b860bf586d4cab8e3f243ebd23c) Importer(815301076,1909f56bfc062723c751e8b465ee728b)  -> (artifact id: '39b7e6c47226d5e676fa4f7a30caa31b') in 0.021285 seconds 
========================================================================
Received Import Request.
  Time since last request: 0.000450 seconds.
  path: Assets/Material/New Material 2.mat
  artifactKey: Guid(c3d4261cb3c208e45b1e539f98047ff0) Importer(815301076,1909f56bfc062723c751e8b465ee728b)
Start importing Assets/Material/New Material 2.mat using Guid(c3d4261cb3c208e45b1e539f98047ff0) Importer(815301076,1909f56bfc062723c751e8b465ee728b)  -> (artifact id: 'b216615fb8088726a43ad6be160e6f61') in 0.022269 seconds 
========================================================================
Received Import Request.
  Time since last request: 0.000300 seconds.
  path: Assets/Material/New Material 4.mat
  artifactKey: Guid(b340202314dad8548a9da382148b9d23) Importer(815301076,1909f56bfc062723c751e8b465ee728b)
Start importing Assets/Material/New Material 4.mat using Guid(b340202314dad8548a9da382148b9d23) Importer(815301076,1909f56bfc062723c751e8b465ee728b)  -> (artifact id: 'f4e0bb90f3f7c30a2a247e86c1fa6671') in 0.020207 seconds 
========================================================================
Received Import Request.
  Time since last request: 0.000287 seconds.
  path: Assets/Material/New Material.mat
  artifactKey: Guid(49d0609d6680db742bcfb0b55d796f34) Importer(815301076,1909f56bfc062723c751e8b465ee728b)
Start importing Assets/Material/New Material.mat using Guid(49d0609d6680db742bcfb0b55d796f34) Importer(815301076,1909f56bfc062723c751e8b465ee728b)  -> (artifact id: '0c67cad9e5a83144b0415f53d94f4307') in 0.024097 seconds 
AssetImportWorkerClient::OnTransportError - code=2 error=End of file
